<?xml version="1.0" encoding="UTF-8"?>
<coverage generated="1707305806670" clover="3.2.0">
  <project timestamp="1707305806670" name="All files">
    <metrics statements="73" coveredstatements="52" conditionals="23" coveredconditionals="15" methods="35" coveredmethods="24" elements="131" coveredelements="91" complexity="0" loc="73" ncloc="73" packages="5" files="17" classes="17"/>
    <package name="src">
      <metrics statements="45" coveredstatements="30" conditionals="13" coveredconditionals="7" methods="22" coveredmethods="17"/>
      <file name="About.jsx" path="/Users/nikhiljoshi/Desktop/Zen_Redux/zen/src/About.jsx">
        <metrics statements="1" coveredstatements="1" conditionals="0" coveredconditionals="0" methods="1" coveredmethods="1"/>
        <line num="6" count="1" type="stmt"/>
      </file>
      <file name="App.js" path="/Users/nikhiljoshi/Desktop/Zen_Redux/zen/src/App.js">
        <metrics statements="1" coveredstatements="0" conditionals="0" coveredconditionals="0" methods="1" coveredmethods="0"/>
        <line num="12" count="0" type="stmt"/>
      </file>
      <file name="Contact.jsx" path="/Users/nikhiljoshi/Desktop/Zen_Redux/zen/src/Contact.jsx">
        <metrics statements="5" coveredstatements="3" conditionals="0" coveredconditionals="0" methods="4" coveredmethods="2"/>
        <line num="11" count="1" type="stmt"/>
        <line num="12" count="2" type="stmt"/>
        <line num="15" count="1" type="stmt"/>
        <line num="21" count="0" type="stmt"/>
        <line num="22" count="0" type="stmt"/>
      </file>
      <file name="Home.jsx" path="/Users/nikhiljoshi/Desktop/Zen_Redux/zen/src/Home.jsx">
        <metrics statements="1" coveredstatements="1" conditionals="0" coveredconditionals="0" methods="1" coveredmethods="1"/>
        <line num="6" count="1" type="stmt"/>
      </file>
      <file name="Navbar.jsx" path="/Users/nikhiljoshi/Desktop/Zen_Redux/zen/src/Navbar.jsx">
        <metrics statements="1" coveredstatements="1" conditionals="0" coveredconditionals="0" methods="1" coveredmethods="1"/>
        <line num="10" count="4" type="stmt"/>
      </file>
      <file name="Todos.jsx" path="/Users/nikhiljoshi/Desktop/Zen_Redux/zen/src/Todos.jsx">
        <metrics statements="22" coveredstatements="22" conditionals="9" coveredconditionals="7" methods="12" coveredmethods="12"/>
        <line num="9" count="17" type="stmt"/>
        <line num="10" count="17" type="stmt"/>
        <line num="11" count="17" type="stmt"/>
        <line num="12" count="17" type="stmt"/>
        <line num="13" count="17" type="stmt"/>
        <line num="14" count="29" type="stmt"/>
        <line num="15" count="17" type="stmt"/>
        <line num="17" count="17" type="stmt"/>
        <line num="18" count="3" type="cond" truecount="1" falsecount="1"/>
        <line num="24" count="2" type="stmt"/>
        <line num="28" count="17" type="stmt"/>
        <line num="29" count="1" type="stmt"/>
        <line num="30" count="1" type="stmt"/>
        <line num="34" count="1" type="cond" truecount="1" falsecount="1"/>
        <line num="35" count="1" type="stmt"/>
        <line num="38" count="17" type="stmt"/>
        <line num="48" count="3" type="stmt"/>
        <line num="62" count="7" type="stmt"/>
        <line num="72" count="1" type="stmt"/>
        <line num="75" count="1" type="stmt"/>
        <line num="83" count="1" type="stmt"/>
        <line num="91" count="2" type="stmt"/>
      </file>
      <file name="index.js" path="/Users/nikhiljoshi/Desktop/Zen_Redux/zen/src/index.js">
        <metrics statements="4" coveredstatements="0" conditionals="0" coveredconditionals="0" methods="0" coveredmethods="0"/>
        <line num="18" count="0" type="stmt"/>
        <line num="19" count="0" type="stmt"/>
        <line num="20" count="0" type="stmt"/>
        <line num="36" count="0" type="stmt"/>
      </file>
      <file name="reportWebVitals.js" path="/Users/nikhiljoshi/Desktop/Zen_Redux/zen/src/reportWebVitals.js">
        <metrics statements="8" coveredstatements="0" conditionals="4" coveredconditionals="0" methods="2" coveredmethods="0"/>
        <line num="1" count="0" type="stmt"/>
        <line num="2" count="0" type="cond" truecount="0" falsecount="4"/>
        <line num="3" count="0" type="stmt"/>
        <line num="4" count="0" type="stmt"/>
        <line num="5" count="0" type="stmt"/>
        <line num="6" count="0" type="stmt"/>
        <line num="7" count="0" type="stmt"/>
        <line num="8" count="0" type="stmt"/>
      </file>
      <file name="store.jsx" path="/Users/nikhiljoshi/Desktop/Zen_Redux/zen/src/store.jsx">
        <metrics statements="2" coveredstatements="2" conditionals="0" coveredconditionals="0" methods="0" coveredmethods="0"/>
        <line num="10" count="1" type="stmt"/>
        <line num="11" count="1" type="stmt"/>
      </file>
    </package>
    <package name="src.Actions">
      <metrics statements="9" coveredstatements="9" conditionals="0" coveredconditionals="0" methods="4" coveredmethods="3"/>
      <file name="constant.js" path="/Users/nikhiljoshi/Desktop/Zen_Redux/zen/src/Actions/constant.js">
        <metrics statements="5" coveredstatements="5" conditionals="0" coveredconditionals="0" methods="0" coveredmethods="0"/>
        <line num="1" count="1" type="stmt"/>
        <line num="2" count="1" type="stmt"/>
        <line num="3" count="1" type="stmt"/>
        <line num="5" count="1" type="stmt"/>
        <line num="6" count="1" type="stmt"/>
      </file>
      <file name="index.js" path="/Users/nikhiljoshi/Desktop/Zen_Redux/zen/src/Actions/index.js">
        <metrics statements="4" coveredstatements="4" conditionals="0" coveredconditionals="0" methods="4" coveredmethods="3"/>
        <line num="5" count="3" type="stmt"/>
        <line num="13" count="2" type="stmt"/>
        <line num="28" count="1" type="stmt"/>
        <line num="38" count="1" type="stmt"/>
      </file>
    </package>
    <package name="src.Reducers">
      <metrics statements="12" coveredstatements="11" conditionals="10" coveredconditionals="8" methods="4" coveredmethods="4"/>
      <file name="globalReducer.jsx" path="/Users/nikhiljoshi/Desktop/Zen_Redux/zen/src/Reducers/globalReducer.jsx">
        <metrics statements="8" coveredstatements="8" conditionals="7" coveredconditionals="6" methods="3" coveredmethods="3"/>
        <line num="3" count="1" type="stmt"/>
        <line num="9" count="12" type="cond" truecount="4" falsecount="0"/>
        <line num="11" count="4" type="stmt"/>
        <line num="16" count="3" type="stmt"/>
        <line num="17" count="3" type="stmt"/>
        <line num="27" count="1" type="stmt"/>
        <line num="29" count="1" type="cond" truecount="1" falsecount="1"/>
        <line num="35" count="4" type="stmt"/>
      </file>
      <file name="index.js" path="/Users/nikhiljoshi/Desktop/Zen_Redux/zen/src/Reducers/index.js">
        <metrics statements="1" coveredstatements="1" conditionals="0" coveredconditionals="0" methods="0" coveredmethods="0"/>
        <line num="7" count="1" type="stmt"/>
      </file>
      <file name="sagaReducer.jsx" path="/Users/nikhiljoshi/Desktop/Zen_Redux/zen/src/Reducers/sagaReducer.jsx">
        <metrics statements="3" coveredstatements="2" conditionals="3" coveredconditionals="2" methods="1" coveredmethods="1"/>
        <line num="5" count="9" type="cond" truecount="1" falsecount="1"/>
        <line num="7" count="0" type="stmt"/>
        <line num="9" count="9" type="stmt"/>
      </file>
    </package>
    <package name="src.mocks">
      <metrics statements="3" coveredstatements="2" conditionals="0" coveredconditionals="0" methods="1" coveredmethods="0"/>
      <file name="handlers.js" path="/Users/nikhiljoshi/Desktop/Zen_Redux/zen/src/mocks/handlers.js">
        <metrics statements="2" coveredstatements="1" conditionals="0" coveredconditionals="0" methods="1" coveredmethods="0"/>
        <line num="3" count="1" type="stmt"/>
        <line num="5" count="0" type="stmt"/>
      </file>
      <file name="server.js" path="/Users/nikhiljoshi/Desktop/Zen_Redux/zen/src/mocks/server.js">
        <metrics statements="1" coveredstatements="1" conditionals="0" coveredconditionals="0" methods="0" coveredmethods="0"/>
        <line num="5" count="1" type="stmt"/>
      </file>
    </package>
    <package name="src.sagas">
      <metrics statements="4" coveredstatements="0" conditionals="0" coveredconditionals="0" methods="4" coveredmethods="0"/>
      <file name="saga.js" path="/Users/nikhiljoshi/Desktop/Zen_Redux/zen/src/sagas/saga.js">
        <metrics statements="4" coveredstatements="0" conditionals="0" coveredconditionals="0" methods="4" coveredmethods="0"/>
        <line num="6" count="0" type="stmt"/>
        <line num="10" count="0" type="stmt"/>
        <line num="11" count="0" type="stmt"/>
        <line num="15" count="0" type="stmt"/>
      </file>
    </package>
  </project>
</coverage>
