{"/Users/nikhiljoshi/Desktop/Zen_Redux/zen/src/About.jsx": {"path":"/Users/nikhiljoshi/Desktop/Zen_Redux/zen/src/About.jsx","statementMap":{"0":{"start":{"line":6,"column":2},"end":{"line":13,"column":3}}},"fnMap":{"0":{"name":"About","decl":{"start":{"line":5,"column":9},"end":{"line":5,"column":14}},"loc":{"start":{"line":5,"column":17},"end":{"line":14,"column":1}},"line":5}},"branchMap":{},"s":{"0":1},"f":{"0":1},"b":{},"_coverageSchema":"1a1c01bbd47fc00a2c39e90264f33305004495a9","hash":"284f0d787d4ce54392a237af1b54c8f1ae562061"}
,"/Users/nikhiljoshi/Desktop/Zen_Redux/zen/src/App.js": {"path":"/Users/nikhiljoshi/Desktop/Zen_Redux/zen/src/App.js","statementMap":{"0":{"start":{"line":12,"column":2},"end":{"line":20,"column":4}}},"fnMap":{"0":{"name":"App","decl":{"start":{"line":11,"column":9},"end":{"line":11,"column":12}},"loc":{"start":{"line":11,"column":15},"end":{"line":21,"column":1}},"line":11}},"branchMap":{},"s":{"0":0},"f":{"0":0},"b":{},"_coverageSchema":"1a1c01bbd47fc00a2c39e90264f33305004495a9","hash":"d70d7ad1cfff4d775cc0e67cfa0611418d652813"}
,"/Users/nikhiljoshi/Desktop/Zen_Redux/zen/src/Contact.jsx": {"path":"/Users/nikhiljoshi/Desktop/Zen_Redux/zen/src/Contact.jsx","statementMap":{"0":{"start":{"line":11,"column":19},"end":{"line":11,"column":32}},"1":{"start":{"line":12,"column":16},"end":{"line":12,"column":62}},"2":{"start":{"line":12,"column":35},"end":{"line":12,"column":61}},"3":{"start":{"line":15,"column":2},"end":{"line":26,"column":3}},"4":{"start":{"line":21,"column":86},"end":{"line":21,"column":111}},"5":{"start":{"line":22,"column":137},"end":{"line":22,"column":212}}},"fnMap":{"0":{"name":"Contact","decl":{"start":{"line":10,"column":9},"end":{"line":10,"column":16}},"loc":{"start":{"line":10,"column":19},"end":{"line":27,"column":1}},"line":10},"1":{"name":"(anonymous_1)","decl":{"start":{"line":12,"column":28},"end":{"line":12,"column":29}},"loc":{"start":{"line":12,"column":35},"end":{"line":12,"column":61}},"line":12},"2":{"name":"(anonymous_2)","decl":{"start":{"line":21,"column":82},"end":{"line":21,"column":83}},"loc":{"start":{"line":21,"column":86},"end":{"line":21,"column":111}},"line":21},"3":{"name":"(anonymous_3)","decl":{"start":{"line":22,"column":128},"end":{"line":22,"column":129}},"loc":{"start":{"line":22,"column":137},"end":{"line":22,"column":212}},"line":22}},"branchMap":{},"s":{"0":1,"1":1,"2":2,"3":1,"4":0,"5":0},"f":{"0":1,"1":2,"2":0,"3":0},"b":{},"_coverageSchema":"1a1c01bbd47fc00a2c39e90264f33305004495a9","hash":"2c8dded82748662b1556d05b377012cf19cc38ed"}
,"/Users/nikhiljoshi/Desktop/Zen_Redux/zen/src/Home.jsx": {"path":"/Users/nikhiljoshi/Desktop/Zen_Redux/zen/src/Home.jsx","statementMap":{"0":{"start":{"line":6,"column":2},"end":{"line":11,"column":3}}},"fnMap":{"0":{"name":"Home","decl":{"start":{"line":5,"column":9},"end":{"line":5,"column":13}},"loc":{"start":{"line":5,"column":16},"end":{"line":12,"column":1}},"line":5}},"branchMap":{},"s":{"0":1},"f":{"0":1},"b":{},"_coverageSchema":"1a1c01bbd47fc00a2c39e90264f33305004495a9","hash":"c3805da0e72e6291c986ce3444cd403d66082aaa"}
,"/Users/nikhiljoshi/Desktop/Zen_Redux/zen/src/Navbar.jsx": {"path":"/Users/nikhiljoshi/Desktop/Zen_Redux/zen/src/Navbar.jsx","statementMap":{"0":{"start":{"line":10,"column":2},"end":{"line":23,"column":3}}},"fnMap":{"0":{"name":"Navbar","decl":{"start":{"line":9,"column":9},"end":{"line":9,"column":15}},"loc":{"start":{"line":9,"column":18},"end":{"line":24,"column":1}},"line":9}},"branchMap":{},"s":{"0":4},"f":{"0":4},"b":{},"_coverageSchema":"1a1c01bbd47fc00a2c39e90264f33305004495a9","hash":"429a3af70de04b61e50cd6d3c2f0806924272586"}
,"/Users/nikhiljoshi/Desktop/Zen_Redux/zen/src/Todos.jsx": {"path":"/Users/nikhiljoshi/Desktop/Zen_Redux/zen/src/Todos.jsx","statementMap":{"0":{"start":{"line":9,"column":26},"end":{"line":9,"column":38}},"1":{"start":{"line":10,"column":40},"end":{"line":10,"column":52}},"2":{"start":{"line":11,"column":32},"end":{"line":11,"column":47}},"3":{"start":{"line":12,"column":36},"end":{"line":12,"column":50}},"4":{"start":{"line":13,"column":19},"end":{"line":13,"column":32}},"5":{"start":{"line":14,"column":18},"end":{"line":14,"column":61}},"6":{"start":{"line":14,"column":41},"end":{"line":14,"column":60}},"7":{"start":{"line":15,"column":14},"end":{"line":15,"column":27}},"8":{"start":{"line":17,"column":24},"end":{"line":21,"column":3}},"9":{"start":{"line":18,"column":4},"end":{"line":20,"column":37}},"10":{"start":{"line":24,"column":4},"end":{"line":24,"column":28}},"11":{"start":{"line":28,"column":27},"end":{"line":31,"column":3}},"12":{"start":{"line":29,"column":4},"end":{"line":29,"column":25}},"13":{"start":{"line":30,"column":4},"end":{"line":30,"column":24}},"14":{"start":{"line":34,"column":4},"end":{"line":34,"column":101}},"15":{"start":{"line":35,"column":4},"end":{"line":35,"column":23}},"16":{"start":{"line":38,"column":2},"end":{"line":100,"column":4}},"17":{"start":{"line":48,"column":29},"end":{"line":48,"column":52}},"18":{"start":{"line":62,"column":10},"end":{"line":96,"column":27}},"19":{"start":{"line":72,"column":35},"end":{"line":72,"column":65}},"20":{"start":{"line":75,"column":41},"end":{"line":75,"column":73}},"21":{"start":{"line":83,"column":31},"end":{"line":83,"column":54}},"22":{"start":{"line":91,"column":31},"end":{"line":91,"column":51}}},"fnMap":{"0":{"name":"Todos","decl":{"start":{"line":8,"column":9},"end":{"line":8,"column":14}},"loc":{"start":{"line":8,"column":17},"end":{"line":101,"column":1}},"line":8},"1":{"name":"(anonymous_1)","decl":{"start":{"line":14,"column":30},"end":{"line":14,"column":31}},"loc":{"start":{"line":14,"column":41},"end":{"line":14,"column":60}},"line":14},"2":{"name":"(anonymous_2)","decl":{"start":{"line":17,"column":24},"end":{"line":17,"column":25}},"loc":{"start":{"line":17,"column":30},"end":{"line":21,"column":3}},"line":17},"3":{"name":"removeTheTask","decl":{"start":{"line":23,"column":11},"end":{"line":23,"column":24}},"loc":{"start":{"line":23,"column":28},"end":{"line":25,"column":3}},"line":23},"4":{"name":"(anonymous_4)","decl":{"start":{"line":28,"column":27},"end":{"line":28,"column":28}},"loc":{"start":{"line":28,"column":38},"end":{"line":31,"column":3}},"line":28},"5":{"name":"dualEdit","decl":{"start":{"line":33,"column":11},"end":{"line":33,"column":19}},"loc":{"start":{"line":33,"column":44},"end":{"line":36,"column":3}},"line":33},"6":{"name":"(anonymous_6)","decl":{"start":{"line":48,"column":22},"end":{"line":48,"column":23}},"loc":{"start":{"line":48,"column":29},"end":{"line":48,"column":52}},"line":48},"7":{"name":"(anonymous_7)","decl":{"start":{"line":61,"column":17},"end":{"line":61,"column":18}},"loc":{"start":{"line":62,"column":10},"end":{"line":96,"column":27}},"line":62},"8":{"name":"(anonymous_8)","decl":{"start":{"line":72,"column":30},"end":{"line":72,"column":31}},"loc":{"start":{"line":72,"column":35},"end":{"line":72,"column":65}},"line":72},"9":{"name":"(anonymous_9)","decl":{"start":{"line":75,"column":35},"end":{"line":75,"column":36}},"loc":{"start":{"line":75,"column":41},"end":{"line":75,"column":73}},"line":75},"10":{"name":"(anonymous_10)","decl":{"start":{"line":83,"column":25},"end":{"line":83,"column":26}},"loc":{"start":{"line":83,"column":31},"end":{"line":83,"column":54}},"line":83},"11":{"name":"(anonymous_11)","decl":{"start":{"line":91,"column":25},"end":{"line":91,"column":26}},"loc":{"start":{"line":91,"column":31},"end":{"line":91,"column":51}},"line":91}},"branchMap":{"0":{"loc":{"start":{"line":18,"column":4},"end":{"line":20,"column":36}},"type":"cond-expr","locations":[{"start":{"line":19,"column":8},"end":{"line":19,"column":49}},{"start":{"line":20,"column":8},"end":{"line":20,"column":36}}],"line":18},"1":{"loc":{"start":{"line":19,"column":8},"end":{"line":19,"column":49}},"type":"binary-expr","locations":[{"start":{"line":19,"column":8},"end":{"line":19,"column":34}},{"start":{"line":19,"column":38},"end":{"line":19,"column":49}}],"line":19},"2":{"loc":{"start":{"line":34,"column":4},"end":{"line":34,"column":101}},"type":"cond-expr","locations":[{"start":{"line":34,"column":23},"end":{"line":34,"column":65}},{"start":{"line":34,"column":66},"end":{"line":34,"column":101}}],"line":34},"3":{"loc":{"start":{"line":66,"column":13},"end":{"line":79,"column":15}},"type":"binary-expr","locations":[{"start":{"line":66,"column":13},"end":{"line":66,"column":29}},{"start":{"line":67,"column":14},"end":{"line":67,"column":33}},{"start":{"line":68,"column":16},"end":{"line":78,"column":22}}],"line":66}},"s":{"0":17,"1":17,"2":17,"3":17,"4":17,"5":17,"6":29,"7":17,"8":17,"9":3,"10":2,"11":17,"12":1,"13":1,"14":1,"15":1,"16":17,"17":3,"18":7,"19":1,"20":1,"21":1,"22":2},"f":{"0":17,"1":29,"2":3,"3":2,"4":1,"5":1,"6":3,"7":7,"8":1,"9":1,"10":1,"11":2},"b":{"0":[3,0],"1":[3,3],"2":[1,0],"3":[7,3,3]},"_coverageSchema":"1a1c01bbd47fc00a2c39e90264f33305004495a9","hash":"a68d403354c6906ea965bbd852d1755a1561aa1c"}
,"/Users/nikhiljoshi/Desktop/Zen_Redux/zen/src/index.js": {"path":"/Users/nikhiljoshi/Desktop/Zen_Redux/zen/src/index.js","statementMap":{"0":{"start":{"line":18,"column":0},"end":{"line":18,"column":26}},"1":{"start":{"line":19,"column":13},"end":{"line":19,"column":65}},"2":{"start":{"line":20,"column":0},"end":{"line":28,"column":2}},"3":{"start":{"line":36,"column":0},"end":{"line":36,"column":18}}},"fnMap":{},"branchMap":{},"s":{"0":0,"1":0,"2":0,"3":0},"f":{},"b":{}}
,"/Users/nikhiljoshi/Desktop/Zen_Redux/zen/src/reportWebVitals.js": {"path":"/Users/nikhiljoshi/Desktop/Zen_Redux/zen/src/reportWebVitals.js","statementMap":{"0":{"start":{"line":1,"column":24},"end":{"line":11,"column":1}},"1":{"start":{"line":2,"column":2},"end":{"line":10,"column":3}},"2":{"start":{"line":3,"column":4},"end":{"line":9,"column":7}},"3":{"start":{"line":4,"column":6},"end":{"line":4,"column":26}},"4":{"start":{"line":5,"column":6},"end":{"line":5,"column":26}},"5":{"start":{"line":6,"column":6},"end":{"line":6,"column":26}},"6":{"start":{"line":7,"column":6},"end":{"line":7,"column":26}},"7":{"start":{"line":8,"column":6},"end":{"line":8,"column":27}}},"fnMap":{"0":{"name":"(anonymous_0)","decl":{"start":{"line":1,"column":24},"end":{"line":1,"column":25}},"loc":{"start":{"line":1,"column":39},"end":{"line":11,"column":1}},"line":1},"1":{"name":"(anonymous_1)","decl":{"start":{"line":3,"column":30},"end":{"line":3,"column":31}},"loc":{"start":{"line":3,"column":79},"end":{"line":9,"column":5}},"line":3}},"branchMap":{"0":{"loc":{"start":{"line":2,"column":2},"end":{"line":10,"column":3}},"type":"if","locations":[{"start":{"line":2,"column":2},"end":{"line":10,"column":3}},{"start":{},"end":{}}],"line":2},"1":{"loc":{"start":{"line":2,"column":6},"end":{"line":2,"column":52}},"type":"binary-expr","locations":[{"start":{"line":2,"column":6},"end":{"line":2,"column":17}},{"start":{"line":2,"column":21},"end":{"line":2,"column":52}}],"line":2}},"s":{"0":0,"1":0,"2":0,"3":0,"4":0,"5":0,"6":0,"7":0},"f":{"0":0,"1":0},"b":{"0":[0,0],"1":[0,0]}}
,"/Users/nikhiljoshi/Desktop/Zen_Redux/zen/src/store.jsx": {"path":"/Users/nikhiljoshi/Desktop/Zen_Redux/zen/src/store.jsx","statementMap":{"0":{"start":{"line":10,"column":23},"end":{"line":10,"column":45}},"1":{"start":{"line":11,"column":14},"end":{"line":11,"column":71}}},"fnMap":{},"branchMap":{},"s":{"0":1,"1":1},"f":{},"b":{},"_coverageSchema":"1a1c01bbd47fc00a2c39e90264f33305004495a9","hash":"3f2fe0b61aee3f4d20397c7175f317048ff12754"}
,"/Users/nikhiljoshi/Desktop/Zen_Redux/zen/src/Actions/constant.js": {"path":"/Users/nikhiljoshi/Desktop/Zen_Redux/zen/src/Actions/constant.js","statementMap":{"0":{"start":{"line":1,"column":27},"end":{"line":1,"column":40}},"1":{"start":{"line":2,"column":27},"end":{"line":2,"column":40}},"2":{"start":{"line":3,"column":25},"end":{"line":3,"column":36}},"3":{"start":{"line":5,"column":31},"end":{"line":5,"column":48}},"4":{"start":{"line":6,"column":33},"end":{"line":6,"column":52}}},"fnMap":{},"branchMap":{},"s":{"0":1,"1":1,"2":1,"3":1,"4":1},"f":{},"b":{},"_coverageSchema":"1a1c01bbd47fc00a2c39e90264f33305004495a9","hash":"105e4255a56f57b3b25e463d8a1fcc5eb65990c8"}
,"/Users/nikhiljoshi/Desktop/Zen_Redux/zen/src/Actions/index.js": {"path":"/Users/nikhiljoshi/Desktop/Zen_Redux/zen/src/Actions/index.js","statementMap":{"0":{"start":{"line":5,"column":4},"end":{"line":8,"column":5}},"1":{"start":{"line":13,"column":4},"end":{"line":16,"column":5}},"2":{"start":{"line":28,"column":4},"end":{"line":31,"column":5}},"3":{"start":{"line":38,"column":29},"end":{"line":40,"column":2}},"4":{"start":{"line":38,"column":35},"end":{"line":40,"column":1}}},"fnMap":{"0":{"name":"createTask","decl":{"start":{"line":4,"column":16},"end":{"line":4,"column":26}},"loc":{"start":{"line":4,"column":32},"end":{"line":9,"column":1}},"line":4},"1":{"name":"removeTask","decl":{"start":{"line":12,"column":16},"end":{"line":12,"column":26}},"loc":{"start":{"line":12,"column":29},"end":{"line":17,"column":1}},"line":12},"2":{"name":"editTask","decl":{"start":{"line":27,"column":16},"end":{"line":27,"column":24}},"loc":{"start":{"line":27,"column":49},"end":{"line":32,"column":1}},"line":27},"3":{"name":"(anonymous_3)","decl":{"start":{"line":38,"column":29},"end":{"line":38,"column":30}},"loc":{"start":{"line":38,"column":35},"end":{"line":40,"column":1}},"line":38}},"branchMap":{},"s":{"0":3,"1":2,"2":1,"3":1,"4":0},"f":{"0":3,"1":2,"2":1,"3":0},"b":{},"_coverageSchema":"1a1c01bbd47fc00a2c39e90264f33305004495a9","hash":"5e5394eacf12e84ba610100796e20576d8f1742c"}
,"/Users/nikhiljoshi/Desktop/Zen_Redux/zen/src/Reducers/globalReducer.jsx": {"path":"/Users/nikhiljoshi/Desktop/Zen_Redux/zen/src/Reducers/globalReducer.jsx","statementMap":{"0":{"start":{"line":3,"column":29},"end":{"line":5,"column":1}},"1":{"start":{"line":9,"column":2},"end":{"line":36,"column":3}},"2":{"start":{"line":11,"column":6},"end":{"line":14,"column":8}},"3":{"start":{"line":16,"column":8},"end":{"line":18,"column":10}},"4":{"start":{"line":17,"column":62},"end":{"line":17,"column":86}},"5":{"start":{"line":27,"column":2},"end":{"line":31,"column":4}},"6":{"start":{"line":29,"column":6},"end":{"line":29,"column":73}},"7":{"start":{"line":35,"column":6},"end":{"line":35,"column":26}}},"fnMap":{"0":{"name":"globalReducer","decl":{"start":{"line":7,"column":9},"end":{"line":7,"column":22}},"loc":{"start":{"line":7,"column":61},"end":{"line":37,"column":1}},"line":7},"1":{"name":"(anonymous_1)","decl":{"start":{"line":17,"column":45},"end":{"line":17,"column":46}},"loc":{"start":{"line":17,"column":62},"end":{"line":17,"column":86}},"line":17},"2":{"name":"(anonymous_2)","decl":{"start":{"line":28,"column":34},"end":{"line":28,"column":35}},"loc":{"start":{"line":29,"column":6},"end":{"line":29,"column":73}},"line":29}},"branchMap":{"0":{"loc":{"start":{"line":7,"column":23},"end":{"line":7,"column":51}},"type":"default-arg","locations":[{"start":{"line":7,"column":38},"end":{"line":7,"column":51}}],"line":7},"1":{"loc":{"start":{"line":9,"column":2},"end":{"line":36,"column":3}},"type":"switch","locations":[{"start":{"line":10,"column":4},"end":{"line":14,"column":8}},{"start":{"line":15,"column":6},"end":{"line":18,"column":10}},{"start":{"line":26,"column":6},"end":{"line":31,"column":4}},{"start":{"line":34,"column":4},"end":{"line":35,"column":26}}],"line":9},"2":{"loc":{"start":{"line":29,"column":6},"end":{"line":29,"column":73}},"type":"cond-expr","locations":[{"start":{"line":29,"column":39},"end":{"line":29,"column":66}},{"start":{"line":29,"column":69},"end":{"line":29,"column":73}}],"line":29}},"s":{"0":1,"1":12,"2":4,"3":3,"4":3,"5":1,"6":1,"7":4},"f":{"0":12,"1":3,"2":1},"b":{"0":[3],"1":[4,3,1,4],"2":[1,0]},"_coverageSchema":"1a1c01bbd47fc00a2c39e90264f33305004495a9","hash":"f466b2427c46fc406f109b26cd20d92fa20401e6"}
,"/Users/nikhiljoshi/Desktop/Zen_Redux/zen/src/Reducers/index.js": {"path":"/Users/nikhiljoshi/Desktop/Zen_Redux/zen/src/Reducers/index.js","statementMap":{"0":{"start":{"line":7,"column":20},"end":{"line":9,"column":1}}},"fnMap":{},"branchMap":{},"s":{"0":1},"f":{},"b":{},"_coverageSchema":"1a1c01bbd47fc00a2c39e90264f33305004495a9","hash":"1b6c1b6c829b10cf4e9f4c42ce7728a5d63aff6c"}
,"/Users/nikhiljoshi/Desktop/Zen_Redux/zen/src/Reducers/sagaReducer.jsx": {"path":"/Users/nikhiljoshi/Desktop/Zen_Redux/zen/src/Reducers/sagaReducer.jsx","statementMap":{"0":{"start":{"line":5,"column":4},"end":{"line":10,"column":5}},"1":{"start":{"line":7,"column":12},"end":{"line":7,"column":49}},"2":{"start":{"line":9,"column":12},"end":{"line":9,"column":24}}},"fnMap":{"0":{"name":"myFirstReducer","decl":{"start":{"line":4,"column":9},"end":{"line":4,"column":23}},"loc":{"start":{"line":4,"column":50},"end":{"line":11,"column":1}},"line":4}},"branchMap":{"0":{"loc":{"start":{"line":4,"column":25},"end":{"line":4,"column":41}},"type":"default-arg","locations":[{"start":{"line":4,"column":31},"end":{"line":4,"column":41}}],"line":4},"1":{"loc":{"start":{"line":5,"column":4},"end":{"line":10,"column":5}},"type":"switch","locations":[{"start":{"line":6,"column":8},"end":{"line":7,"column":49}},{"start":{"line":8,"column":8},"end":{"line":9,"column":24}}],"line":5}},"s":{"0":9,"1":0,"2":9},"f":{"0":9},"b":{"0":[3],"1":[0,9]},"_coverageSchema":"1a1c01bbd47fc00a2c39e90264f33305004495a9","hash":"a8fc53891462523b621c19a27e97ad62cfd9856a"}
,"/Users/nikhiljoshi/Desktop/Zen_Redux/zen/src/mocks/handlers.js": {"path":"/Users/nikhiljoshi/Desktop/Zen_Redux/zen/src/mocks/handlers.js","statementMap":{"0":{"start":{"line":3,"column":24},"end":{"line":23,"column":1}},"1":{"start":{"line":5,"column":8},"end":{"line":21,"column":11}}},"fnMap":{"0":{"name":"(anonymous_0)","decl":{"start":{"line":4,"column":59},"end":{"line":4,"column":60}},"loc":{"start":{"line":4,"column":76},"end":{"line":22,"column":5}},"line":4}},"branchMap":{},"s":{"0":1,"1":0},"f":{"0":0},"b":{},"_coverageSchema":"1a1c01bbd47fc00a2c39e90264f33305004495a9","hash":"1d8092825c3e6f673c8826d5a091051fad4a1334"}
,"/Users/nikhiljoshi/Desktop/Zen_Redux/zen/src/mocks/server.js": {"path":"/Users/nikhiljoshi/Desktop/Zen_Redux/zen/src/mocks/server.js","statementMap":{"0":{"start":{"line":5,"column":22},"end":{"line":5,"column":46}}},"fnMap":{},"branchMap":{},"s":{"0":1},"f":{},"b":{},"_coverageSchema":"1a1c01bbd47fc00a2c39e90264f33305004495a9","hash":"4c24427357c9b845c61f07136311231f7c0ecd68"}
,"/Users/nikhiljoshi/Desktop/Zen_Redux/zen/src/sagas/saga.js": {"path":"/Users/nikhiljoshi/Desktop/Zen_Redux/zen/src/sagas/saga.js","statementMap":{"0":{"start":{"line":6,"column":4},"end":{"line":6,"column":96}},"1":{"start":{"line":6,"column":80},"end":{"line":6,"column":95}},"2":{"start":{"line":10,"column":18},"end":{"line":10,"column":40}},"3":{"start":{"line":11,"column":4},"end":{"line":11,"column":46}},"4":{"start":{"line":15,"column":4},"end":{"line":15,"column":55}}},"fnMap":{"0":{"name":"usersFetch","decl":{"start":{"line":5,"column":9},"end":{"line":5,"column":19}},"loc":{"start":{"line":5,"column":21},"end":{"line":7,"column":1}},"line":5},"1":{"name":"(anonymous_1)","decl":{"start":{"line":6,"column":68},"end":{"line":6,"column":69}},"loc":{"start":{"line":6,"column":80},"end":{"line":6,"column":95}},"line":6},"2":{"name":"workGetUsersFetch","decl":{"start":{"line":9,"column":10},"end":{"line":9,"column":27}},"loc":{"start":{"line":9,"column":29},"end":{"line":12,"column":1}},"line":9},"3":{"name":"mySaga","decl":{"start":{"line":14,"column":10},"end":{"line":14,"column":16}},"loc":{"start":{"line":14,"column":18},"end":{"line":16,"column":1}},"line":14}},"branchMap":{},"s":{"0":0,"1":0,"2":0,"3":0,"4":0},"f":{"0":0,"1":0,"2":0,"3":0},"b":{}}
}
