TN:
SF:src/About.jsx
FN:5,About
FNF:1
FNH:1
FNDA:1,About
DA:6,1
LF:1
LH:1
BRF:0
BRH:0
end_of_record
TN:
SF:src/App.js
FN:11,App
FNF:1
FNH:0
FNDA:0,App
DA:12,0
LF:1
LH:0
BRF:0
BRH:0
end_of_record
TN:
SF:src/Contact.jsx
FN:10,Contact
FN:12,(anonymous_1)
FN:21,(anonymous_2)
FN:22,(anonymous_3)
FNF:4
FNH:2
FNDA:1,Contact
FNDA:2,(anonymous_1)
FNDA:0,(anonymous_2)
FNDA:0,(anonymous_3)
DA:11,1
DA:12,2
DA:15,1
DA:21,0
DA:22,0
LF:5
LH:3
BRF:0
BRH:0
end_of_record
TN:
SF:src/Home.jsx
FN:5,Home
FNF:1
FNH:1
FNDA:1,Home
DA:6,1
LF:1
LH:1
BRF:0
BRH:0
end_of_record
TN:
SF:src/Navbar.jsx
FN:9,Navbar
FNF:1
FNH:1
FNDA:4,Navbar
DA:10,4
LF:1
LH:1
BRF:0
BRH:0
end_of_record
TN:
SF:src/Todos.jsx
FN:8,Todos
FN:14,(anonymous_1)
FN:17,(anonymous_2)
FN:23,removeTheTask
FN:28,(anonymous_4)
FN:33,dualEdit
FN:48,(anonymous_6)
FN:61,(anonymous_7)
FN:72,(anonymous_8)
FN:75,(anonymous_9)
FN:83,(anonymous_10)
FN:91,(anonymous_11)
FNF:12
FNH:12
FNDA:17,Todos
FNDA:29,(anonymous_1)
FNDA:3,(anonymous_2)
FNDA:2,removeTheTask
FNDA:1,(anonymous_4)
FNDA:1,dualEdit
FNDA:3,(anonymous_6)
FNDA:7,(anonymous_7)
FNDA:1,(anonymous_8)
FNDA:1,(anonymous_9)
FNDA:1,(anonymous_10)
FNDA:2,(anonymous_11)
DA:9,17
DA:10,17
DA:11,17
DA:12,17
DA:13,17
DA:14,29
DA:15,17
DA:17,17
DA:18,3
DA:24,2
DA:28,17
DA:29,1
DA:30,1
DA:34,1
DA:35,1
DA:38,17
DA:48,3
DA:62,7
DA:72,1
DA:75,1
DA:83,1
DA:91,2
LF:22
LH:22
BRDA:18,0,0,3
BRDA:18,0,1,0
BRDA:19,1,0,3
BRDA:19,1,1,3
BRDA:34,2,0,1
BRDA:34,2,1,0
BRDA:66,3,0,7
BRDA:66,3,1,3
BRDA:66,3,2,3
BRF:9
BRH:7
end_of_record
TN:
SF:src/index.js
FNF:0
FNH:0
DA:18,0
DA:19,0
DA:20,0
DA:36,0
LF:4
LH:0
BRF:0
BRH:0
end_of_record
TN:
SF:src/reportWebVitals.js
FN:1,(anonymous_0)
FN:3,(anonymous_1)
FNF:2
FNH:0
FNDA:0,(anonymous_0)
FNDA:0,(anonymous_1)
DA:1,0
DA:2,0
DA:3,0
DA:4,0
DA:5,0
DA:6,0
DA:7,0
DA:8,0
LF:8
LH:0
BRDA:2,0,0,0
BRDA:2,0,1,0
BRDA:2,1,0,0
BRDA:2,1,1,0
BRF:4
BRH:0
end_of_record
TN:
SF:src/store.jsx
FNF:0
FNH:0
DA:10,1
DA:11,1
LF:2
LH:2
BRF:0
BRH:0
end_of_record
TN:
SF:src/Actions/constant.js
FNF:0
FNH:0
DA:1,1
DA:2,1
DA:3,1
DA:5,1
DA:6,1
LF:5
LH:5
BRF:0
BRH:0
end_of_record
TN:
SF:src/Actions/index.js
FN:4,createTask
FN:12,removeTask
FN:27,editTask
FN:38,(anonymous_3)
FNF:4
FNH:3
FNDA:3,createTask
FNDA:2,removeTask
FNDA:1,editTask
FNDA:0,(anonymous_3)
DA:5,3
DA:13,2
DA:28,1
DA:38,1
LF:4
LH:4
BRF:0
BRH:0
end_of_record
TN:
SF:src/Reducers/globalReducer.jsx
FN:7,globalReducer
FN:17,(anonymous_1)
FN:28,(anonymous_2)
FNF:3
FNH:3
FNDA:12,globalReducer
FNDA:3,(anonymous_1)
FNDA:1,(anonymous_2)
DA:3,1
DA:9,12
DA:11,4
DA:16,3
DA:17,3
DA:27,1
DA:29,1
DA:35,4
LF:8
LH:8
BRDA:7,0,0,3
BRDA:9,1,0,4
BRDA:9,1,1,3
BRDA:9,1,2,1
BRDA:9,1,3,4
BRDA:29,2,0,1
BRDA:29,2,1,0
BRF:7
BRH:6
end_of_record
TN:
SF:src/Reducers/index.js
FNF:0
FNH:0
DA:7,1
LF:1
LH:1
BRF:0
BRH:0
end_of_record
TN:
SF:src/Reducers/sagaReducer.jsx
FN:4,myFirstReducer
FNF:1
FNH:1
FNDA:9,myFirstReducer
DA:5,9
DA:7,0
DA:9,9
LF:3
LH:2
BRDA:4,0,0,3
BRDA:5,1,0,0
BRDA:5,1,1,9
BRF:3
BRH:2
end_of_record
TN:
SF:src/mocks/handlers.js
FN:4,(anonymous_0)
FNF:1
FNH:0
FNDA:0,(anonymous_0)
DA:3,1
DA:5,0
LF:2
LH:1
BRF:0
BRH:0
end_of_record
TN:
SF:src/mocks/server.js
FNF:0
FNH:0
DA:5,1
LF:1
LH:1
BRF:0
BRH:0
end_of_record
TN:
SF:src/sagas/saga.js
FN:5,usersFetch
FN:6,(anonymous_1)
FN:9,workGetUsersFetch
FN:14,mySaga
FNF:4
FNH:0
FNDA:0,usersFetch
FNDA:0,(anonymous_1)
FNDA:0,workGetUsersFetch
FNDA:0,mySaga
DA:6,0
DA:10,0
DA:11,0
DA:15,0
LF:4
LH:0
BRF:0
BRH:0
end_of_record
